<?xml version="1.0" encoding="UTF-8"?>
<!-- Generated by org.testng.reporters.JUnitReportReporter -->
<testsuite skipped="0" hostname="LAP-45302Technology" name="multiquote.GetQuoteDynamic2" tests="1" failures="0" timestamp="2022-02-07T09:41:15 IST" time="4.745" errors="0">
  <testcase name="getMultiQuote" time="4.745" classname="multiquote.GetQuoteDynamic2"/>
  <system-out/>
</testsuite> <!-- multiquote.GetQuoteDynamic2 -->
