<?xml version="1.0" encoding="UTF-8"?>
<!-- Generated by org.testng.reporters.JUnitReportReporter -->
<testsuite skipped="0" hostname="LAP-45302Technology" name="testcase.LoanDashboard" tests="1" failures="0" timestamp="2022-01-31T10:31:22 IST" time="3.219" errors="0">
  <testcase name="getDashboard" time="3.219" classname="testcase.LoanDashboard"/>
  <system-out/>
</testsuite> <!-- testcase.LoanDashboard -->
