<?xml version="1.0" encoding="UTF-8"?>
<!-- Generated by org.testng.reporters.JUnitReportReporter -->
<testsuite skipped="0" hostname="LAP-45302Technology" name="testcase.EmailLogin" tests="1" failures="0" timestamp="2022-01-28T12:20:54 IST" time="1.787" errors="0">
  <testcase name="TestEmailLogin" time="1.787" classname="testcase.EmailLogin"/>
  <system-out/>
</testsuite> <!-- testcase.EmailLogin -->
