<?xml version="1.0" encoding="UTF-8"?>
<!-- Generated by org.testng.reporters.JUnitReportReporter -->
<testsuite skipped="0" hostname="LAP-45302Technology" name="testcase.LoanSummary" tests="1" failures="0" timestamp="2022-01-31T11:05:20 IST" time="3.397" errors="0">
  <testcase name="getLoanSummary" time="3.397" classname="testcase.LoanSummary"/>
  <system-out/>
</testsuite> <!-- testcase.LoanSummary -->
