<?xml version="1.0" encoding="UTF-8"?>
<!-- Generated by org.testng.reporters.JUnitReportReporter -->
<testsuite skipped="0" hostname="LAP-45302Technology" name="testcase.LoanStock" tests="1" failures="0" timestamp="2022-02-14T17:48:07 IST" time="4.220" errors="0">
  <testcase name="getLoanStock" time="4.220" classname="testcase.LoanStock"/>
  <system-out/>
</testsuite> <!-- testcase.LoanStock -->
